<?xml version="1.0" encoding="UTF-8"?>
<coverage generated="1597655962005" clover="3.2.0">
  <project timestamp="1597655962005" name="All files">
    <metrics statements="64" coveredstatements="64" conditionals="24" coveredconditionals="20" methods="25" coveredmethods="23" elements="113" coveredelements="107" complexity="0" loc="64" ncloc="64" packages="5" files="13" classes="13"/>
    <package name="constants">
      <metrics statements="4" coveredstatements="4" conditionals="0" coveredconditionals="0" methods="0" coveredmethods="0"/>
      <file name="MockData.js" path="/Users/nguyennn/Documents/Learning/react-native-assignment/src/constants/MockData.js">
        <metrics statements="1" coveredstatements="1" conditionals="0" coveredconditionals="0" methods="0" coveredmethods="0"/>
        <line num="1" count="6" type="stmt"/>
      </file>
      <file name="Strings.js" path="/Users/nguyennn/Documents/Learning/react-native-assignment/src/constants/Strings.js">
        <metrics statements="1" coveredstatements="1" conditionals="0" coveredconditionals="0" methods="0" coveredmethods="0"/>
        <line num="1" count="3" type="stmt"/>
      </file>
      <file name="Urls.js" path="/Users/nguyennn/Documents/Learning/react-native-assignment/src/constants/Urls.js">
        <metrics statements="2" coveredstatements="2" conditionals="0" coveredconditionals="0" methods="0" coveredmethods="0"/>
        <line num="1" count="1" type="stmt"/>
        <line num="3" count="1" type="stmt"/>
      </file>
    </package>
    <package name="core.home">
      <metrics statements="24" coveredstatements="24" conditionals="12" coveredconditionals="8" methods="9" coveredmethods="9"/>
      <file name="actions.js" path="/Users/nguyennn/Documents/Learning/react-native-assignment/src/core/home/actions.js">
        <metrics statements="3" coveredstatements="3" conditionals="0" coveredconditionals="0" methods="3" coveredmethods="3"/>
        <line num="3" count="4" type="stmt"/>
        <line num="7" count="4" type="stmt"/>
        <line num="12" count="4" type="stmt"/>
      </file>
      <file name="const.js" path="/Users/nguyennn/Documents/Learning/react-native-assignment/src/core/home/const.js">
        <metrics statements="3" coveredstatements="3" conditionals="0" coveredconditionals="0" methods="0" coveredmethods="0"/>
        <line num="1" count="5" type="stmt"/>
        <line num="2" count="5" type="stmt"/>
        <line num="3" count="5" type="stmt"/>
      </file>
      <file name="reducer.js" path="/Users/nguyennn/Documents/Learning/react-native-assignment/src/core/home/reducer.js">
        <metrics statements="6" coveredstatements="6" conditionals="4" coveredconditionals="3" methods="1" coveredmethods="1"/>
        <line num="3" count="3" type="stmt"/>
        <line num="8" count="3" type="cond" truecount="0" falsecount="1"/>
        <line num="9" count="3" type="cond" truecount="3" falsecount="0"/>
        <line num="11" count="1" type="stmt"/>
        <line num="17" count="1" type="stmt"/>
        <line num="24" count="1" type="stmt"/>
      </file>
      <file name="saga.js" path="/Users/nguyennn/Documents/Learning/react-native-assignment/src/core/home/saga.js">
        <metrics statements="7" coveredstatements="7" conditionals="4" coveredconditionals="3" methods="2" coveredmethods="2"/>
        <line num="7" count="2" type="stmt"/>
        <line num="8" count="2" type="stmt"/>
        <line num="9" count="2" type="cond" truecount="2" falsecount="0"/>
        <line num="10" count="1" type="cond" truecount="1" falsecount="1"/>
        <line num="12" count="1" type="stmt"/>
        <line num="15" count="1" type="stmt"/>
        <line num="20" count="1" type="stmt"/>
      </file>
      <file name="selectors.js" path="/Users/nguyennn/Documents/Learning/react-native-assignment/src/core/home/selectors.js">
        <metrics statements="5" coveredstatements="5" conditionals="4" coveredconditionals="2" methods="3" coveredmethods="3"/>
        <line num="3" count="3" type="stmt"/>
        <line num="5" count="3" type="stmt"/>
        <line num="7" count="3" type="cond" truecount="1" falsecount="1"/>
        <line num="10" count="3" type="stmt"/>
        <line num="12" count="3" type="cond" truecount="1" falsecount="1"/>
      </file>
    </package>
    <package name="screens.DetailScreen">
      <metrics statements="15" coveredstatements="15" conditionals="10" coveredconditionals="10" methods="4" coveredmethods="4"/>
      <file name="index.js" path="/Users/nguyennn/Documents/Learning/react-native-assignment/src/screens/DetailScreen/index.js">
        <metrics statements="14" coveredstatements="14" conditionals="10" coveredconditionals="10" methods="4" coveredmethods="4"/>
        <line num="11" count="3" type="stmt"/>
        <line num="16" count="3" type="stmt"/>
        <line num="17" count="3" type="stmt"/>
        <line num="18" count="3" type="stmt"/>
        <line num="21" count="3" type="stmt"/>
        <line num="22" count="24" type="stmt"/>
        <line num="31" count="6" type="stmt"/>
        <line num="32" count="6" type="stmt"/>
        <line num="33" count="6" type="stmt"/>
        <line num="34" count="6" type="stmt"/>
        <line num="58" count="1" type="stmt"/>
        <line num="59" count="1" type="stmt"/>
        <line num="64" count="1" type="stmt"/>
        <line num="68" count="1" type="stmt"/>
      </file>
      <file name="styles.js" path="/Users/nguyennn/Documents/Learning/react-native-assignment/src/screens/DetailScreen/styles.js">
        <metrics statements="1" coveredstatements="1" conditionals="0" coveredconditionals="0" methods="0" coveredmethods="0"/>
        <line num="3" count="1" type="stmt"/>
      </file>
    </package>
    <package name="screens.HomeScreen">
      <metrics statements="17" coveredstatements="17" conditionals="0" coveredconditionals="0" methods="10" coveredmethods="9"/>
      <file name="index.js" path="/Users/nguyennn/Documents/Learning/react-native-assignment/src/screens/HomeScreen/index.js">
        <metrics statements="16" coveredstatements="16" conditionals="0" coveredconditionals="0" methods="10" coveredmethods="9"/>
        <line num="12" count="5" type="stmt"/>
        <line num="13" count="5" type="stmt"/>
        <line num="16" count="5" type="stmt"/>
        <line num="17" count="1" type="stmt"/>
        <line num="18" count="1" type="stmt"/>
        <line num="21" count="5" type="stmt"/>
        <line num="22" count="4" type="stmt"/>
        <line num="25" count="5" type="stmt"/>
        <line num="28" count="5" type="stmt"/>
        <line num="29" count="5" type="stmt"/>
        <line num="42" count="1" type="stmt"/>
        <line num="43" count="1" type="stmt"/>
        <line num="48" count="1" type="stmt"/>
        <line num="49" count="1" type="stmt"/>
        <line num="52" count="1" type="stmt"/>
        <line num="57" count="1" type="stmt"/>
      </file>
      <file name="styles.js" path="/Users/nguyennn/Documents/Learning/react-native-assignment/src/screens/HomeScreen/styles.js">
        <metrics statements="1" coveredstatements="1" conditionals="0" coveredconditionals="0" methods="0" coveredmethods="0"/>
        <line num="3" count="1" type="stmt"/>
      </file>
    </package>
    <package name="screens.HomeScreen.components.TripItem">
      <metrics statements="4" coveredstatements="4" conditionals="2" coveredconditionals="2" methods="2" coveredmethods="1"/>
      <file name="index.js" path="/Users/nguyennn/Documents/Learning/react-native-assignment/src/screens/HomeScreen/components/TripItem/index.js">
        <metrics statements="4" coveredstatements="4" conditionals="2" coveredconditionals="2" methods="2" coveredmethods="1"/>
        <line num="6" count="2" type="cond" truecount="2" falsecount="0"/>
        <line num="7" count="7" type="stmt"/>
        <line num="12" count="2" type="stmt"/>
        <line num="17" count="2" type="stmt"/>
      </file>
    </package>
  </project>
</coverage>
