{"/Users/nguyennn/Documents/Learning/react-native-assignment/src/constants/MockData.js": {"path":"/Users/nguyennn/Documents/Learning/react-native-assignment/src/constants/MockData.js","statementMap":{"0":{"start":{"line":1,"column":21},"end":{"line":16,"column":1}}},"fnMap":{},"branchMap":{},"s":{"0":5},"f":{},"b":{},"_coverageSchema":"1a1c01bbd47fc00a2c39e90264f33305004495a9","hash":"0a613a82fef39cac8fdd0702fec3eb79d7834263"}
,"/Users/nguyennn/Documents/Learning/react-native-assignment/src/constants/Strings.js": {"path":"/Users/nguyennn/Documents/Learning/react-native-assignment/src/constants/Strings.js","statementMap":{"0":{"start":{"line":1,"column":25},"end":{"line":1,"column":46}}},"fnMap":{},"branchMap":{},"s":{"0":1},"f":{},"b":{},"_coverageSchema":"1a1c01bbd47fc00a2c39e90264f33305004495a9","hash":"5e28d6cb13bba2950ec155d9e323b58a629cd395"}
,"/Users/nguyennn/Documents/Learning/react-native-assignment/src/constants/Urls.js": {"path":"/Users/nguyennn/Documents/Learning/react-native-assignment/src/constants/Urls.js","statementMap":{"0":{"start":{"line":1,"column":0},"end":{"line":1,"column":40}},"1":{"start":{"line":3,"column":0},"end":{"line":3,"column":48}}},"fnMap":{},"branchMap":{},"s":{"0":1,"1":1},"f":{},"b":{},"_coverageSchema":"1a1c01bbd47fc00a2c39e90264f33305004495a9","hash":"270814815ccdfc29719668d02dbe43e4518b0af9"}
,"/Users/nguyennn/Documents/Learning/react-native-assignment/src/core/home/actions.js": {"path":"/Users/nguyennn/Documents/Learning/react-native-assignment/src/core/home/actions.js","statementMap":{"0":{"start":{"line":3,"column":29},"end":{"line":5,"column":2}},"1":{"start":{"line":3,"column":36},"end":{"line":5,"column":1}},"2":{"start":{"line":7,"column":30},"end":{"line":10,"column":2}},"3":{"start":{"line":7,"column":41},"end":{"line":10,"column":1}},"4":{"start":{"line":12,"column":27},"end":{"line":15,"column":2}},"5":{"start":{"line":12,"column":39},"end":{"line":15,"column":1}}},"fnMap":{"0":{"name":"(anonymous_0)","decl":{"start":{"line":3,"column":29},"end":{"line":3,"column":30}},"loc":{"start":{"line":3,"column":36},"end":{"line":5,"column":1}},"line":3},"1":{"name":"(anonymous_1)","decl":{"start":{"line":7,"column":30},"end":{"line":7,"column":31}},"loc":{"start":{"line":7,"column":41},"end":{"line":10,"column":1}},"line":7},"2":{"name":"(anonymous_2)","decl":{"start":{"line":12,"column":27},"end":{"line":12,"column":28}},"loc":{"start":{"line":12,"column":39},"end":{"line":15,"column":1}},"line":12}},"branchMap":{},"s":{"0":4,"1":2,"2":4,"3":4,"4":4,"5":4},"f":{"0":2,"1":4,"2":4},"b":{},"_coverageSchema":"1a1c01bbd47fc00a2c39e90264f33305004495a9","hash":"17e92402403dd8400a9e7ac9fd6e02f0f7127ebf"}
,"/Users/nguyennn/Documents/Learning/react-native-assignment/src/core/home/const.js": {"path":"/Users/nguyennn/Documents/Learning/react-native-assignment/src/core/home/const.js","statementMap":{"0":{"start":{"line":1,"column":24},"end":{"line":1,"column":39}},"1":{"start":{"line":2,"column":32},"end":{"line":2,"column":55}},"2":{"start":{"line":3,"column":29},"end":{"line":3,"column":49}}},"fnMap":{},"branchMap":{},"s":{"0":4,"1":4,"2":4},"f":{},"b":{},"_coverageSchema":"1a1c01bbd47fc00a2c39e90264f33305004495a9","hash":"7c141c4ae9c4d7dc6bd5269f14604d7aa4f58be3"}
,"/Users/nguyennn/Documents/Learning/react-native-assignment/src/core/home/reducer.js": {"path":"/Users/nguyennn/Documents/Learning/react-native-assignment/src/core/home/reducer.js","statementMap":{"0":{"start":{"line":3,"column":28},"end":{"line":6,"column":1}},"1":{"start":{"line":8,"column":20},"end":{"line":28,"column":1}},"2":{"start":{"line":9,"column":2},"end":{"line":27,"column":3}},"3":{"start":{"line":11,"column":6},"end":{"line":15,"column":8}},"4":{"start":{"line":17,"column":6},"end":{"line":21,"column":8}},"5":{"start":{"line":24,"column":6},"end":{"line":26,"column":8}}},"fnMap":{"0":{"name":"(anonymous_0)","decl":{"start":{"line":8,"column":20},"end":{"line":8,"column":21}},"loc":{"start":{"line":8,"column":54},"end":{"line":28,"column":1}},"line":8}},"branchMap":{"0":{"loc":{"start":{"line":8,"column":21},"end":{"line":8,"column":41}},"type":"default-arg","locations":[{"start":{"line":8,"column":29},"end":{"line":8,"column":41}}],"line":8},"1":{"loc":{"start":{"line":9,"column":2},"end":{"line":27,"column":3}},"type":"switch","locations":[{"start":{"line":10,"column":4},"end":{"line":15,"column":8}},{"start":{"line":16,"column":4},"end":{"line":21,"column":8}},{"start":{"line":23,"column":4},"end":{"line":26,"column":8}}],"line":9}},"s":{"0":1,"1":1,"2":3,"3":1,"4":1,"5":1},"f":{"0":3},"b":{"0":[0],"1":[1,1,1]},"_coverageSchema":"1a1c01bbd47fc00a2c39e90264f33305004495a9","hash":"ad5d3a2b2a900738ab6cfc7bdb34688f270c1a05"}
,"/Users/nguyennn/Documents/Learning/react-native-assignment/src/core/home/saga.js": {"path":"/Users/nguyennn/Documents/Learning/react-native-assignment/src/core/home/saga.js","statementMap":{"0":{"start":{"line":7,"column":2},"end":{"line":16,"column":3}},"1":{"start":{"line":8,"column":21},"end":{"line":8,"column":57}},"2":{"start":{"line":9,"column":4},"end":{"line":13,"column":5}},"3":{"start":{"line":10,"column":6},"end":{"line":10,"column":54}},"4":{"start":{"line":12,"column":6},"end":{"line":12,"column":28}},"5":{"start":{"line":15,"column":4},"end":{"line":15,"column":34}},"6":{"start":{"line":20,"column":2},"end":{"line":20,"column":41}}},"fnMap":{"0":{"name":"getDataSaga","decl":{"start":{"line":6,"column":17},"end":{"line":6,"column":28}},"loc":{"start":{"line":6,"column":31},"end":{"line":17,"column":1}},"line":6},"1":{"name":"watchHome","decl":{"start":{"line":19,"column":17},"end":{"line":19,"column":26}},"loc":{"start":{"line":19,"column":29},"end":{"line":21,"column":1}},"line":19}},"branchMap":{"0":{"loc":{"start":{"line":9,"column":4},"end":{"line":13,"column":5}},"type":"if","locations":[{"start":{"line":9,"column":4},"end":{"line":13,"column":5}},{"start":{"line":9,"column":4},"end":{"line":13,"column":5}}],"line":9},"1":{"loc":{"start":{"line":10,"column":31},"end":{"line":10,"column":51}},"type":"binary-expr","locations":[{"start":{"line":10,"column":31},"end":{"line":10,"column":45}},{"start":{"line":10,"column":49},"end":{"line":10,"column":51}}],"line":10}},"s":{"0":2,"1":2,"2":2,"3":1,"4":1,"5":1,"6":1},"f":{"0":2,"1":1},"b":{"0":[1,1],"1":[1,0]},"_coverageSchema":"1a1c01bbd47fc00a2c39e90264f33305004495a9","hash":"6f3b8f83a379869bf57f269ca4da681385a8ad4f"}
,"/Users/nguyennn/Documents/Learning/react-native-assignment/src/core/home/selectors.js": {"path":"/Users/nguyennn/Documents/Learning/react-native-assignment/src/core/home/selectors.js","statementMap":{"0":{"start":{"line":3,"column":19},"end":{"line":3,"column":40}},"1":{"start":{"line":3,"column":30},"end":{"line":3,"column":40}},"2":{"start":{"line":5,"column":30},"end":{"line":8,"column":1}},"3":{"start":{"line":7,"column":13},"end":{"line":7,"column":29}},"4":{"start":{"line":10,"column":27},"end":{"line":13,"column":1}},"5":{"start":{"line":12,"column":13},"end":{"line":12,"column":30}}},"fnMap":{"0":{"name":"(anonymous_0)","decl":{"start":{"line":3,"column":19},"end":{"line":3,"column":20}},"loc":{"start":{"line":3,"column":30},"end":{"line":3,"column":40}},"line":3},"1":{"name":"(anonymous_1)","decl":{"start":{"line":7,"column":2},"end":{"line":7,"column":3}},"loc":{"start":{"line":7,"column":13},"end":{"line":7,"column":29}},"line":7},"2":{"name":"(anonymous_2)","decl":{"start":{"line":12,"column":2},"end":{"line":12,"column":3}},"loc":{"start":{"line":12,"column":13},"end":{"line":12,"column":30}},"line":12}},"branchMap":{"0":{"loc":{"start":{"line":7,"column":13},"end":{"line":7,"column":29}},"type":"binary-expr","locations":[{"start":{"line":7,"column":13},"end":{"line":7,"column":23}},{"start":{"line":7,"column":27},"end":{"line":7,"column":29}}],"line":7},"1":{"loc":{"start":{"line":12,"column":13},"end":{"line":12,"column":30}},"type":"binary-expr","locations":[{"start":{"line":12,"column":13},"end":{"line":12,"column":24}},{"start":{"line":12,"column":28},"end":{"line":12,"column":30}}],"line":12}},"s":{"0":3,"1":0,"2":3,"3":1,"4":3,"5":1},"f":{"0":0,"1":1,"2":1},"b":{"0":[1,0],"1":[1,0]},"_coverageSchema":"1a1c01bbd47fc00a2c39e90264f33305004495a9","hash":"e8a142e00e0536f4358d3c5b70671d95ea27b440"}
,"/Users/nguyennn/Documents/Learning/react-native-assignment/src/screens/DetailScreen/index.js": {"path":"/Users/nguyennn/Documents/Learning/react-native-assignment/src/screens/DetailScreen/index.js","statementMap":{"0":{"start":{"line":11,"column":10},"end":{"line":13,"column":3}},"1":{"start":{"line":16,"column":22},"end":{"line":16,"column":32}},"2":{"start":{"line":17,"column":22},"end":{"line":17,"column":46}},"3":{"start":{"line":18,"column":4},"end":{"line":18,"column":33}},"4":{"start":{"line":21,"column":14},"end":{"line":28,"column":3}},"5":{"start":{"line":22,"column":4},"end":{"line":27,"column":11}},"6":{"start":{"line":31,"column":26},"end":{"line":31,"column":36}},"7":{"start":{"line":32,"column":22},"end":{"line":32,"column":32}},"8":{"start":{"line":33,"column":17},"end":{"line":33,"column":33}},"9":{"start":{"line":34,"column":4},"end":{"line":56,"column":6}},"10":{"start":{"line":60,"column":24},"end":{"line":64,"column":1}},"11":{"start":{"line":61,"column":2},"end":{"line":63,"column":4}},"12":{"start":{"line":66,"column":0},"end":{"line":68,"column":2}},"13":{"start":{"line":70,"column":0},"end":{"line":72,"column":2}}},"fnMap":{"0":{"name":"(anonymous_0)","decl":{"start":{"line":15,"column":2},"end":{"line":15,"column":3}},"loc":{"start":{"line":15,"column":22},"end":{"line":19,"column":3}},"line":15},"1":{"name":"(anonymous_1)","decl":{"start":{"line":21,"column":14},"end":{"line":21,"column":15}},"loc":{"start":{"line":22,"column":4},"end":{"line":27,"column":11}},"line":22},"2":{"name":"(anonymous_2)","decl":{"start":{"line":30,"column":2},"end":{"line":30,"column":3}},"loc":{"start":{"line":30,"column":11},"end":{"line":57,"column":3}},"line":30},"3":{"name":"(anonymous_3)","decl":{"start":{"line":60,"column":24},"end":{"line":60,"column":25}},"loc":{"start":{"line":60,"column":35},"end":{"line":64,"column":1}},"line":60}},"branchMap":{"0":{"loc":{"start":{"line":37,"column":11},"end":{"line":53,"column":11}},"type":"cond-expr","locations":[{"start":{"line":37,"column":39},"end":{"line":37,"column":43}},{"start":{"line":38,"column":12},"end":{"line":52,"column":19}}],"line":37},"1":{"loc":{"start":{"line":37,"column":11},"end":{"line":37,"column":36}},"type":"binary-expr","locations":[{"start":{"line":37,"column":11},"end":{"line":37,"column":27}},{"start":{"line":37,"column":31},"end":{"line":37,"column":36}}],"line":37}},"s":{"0":2,"1":2,"2":2,"3":2,"4":2,"5":0,"6":4,"7":4,"8":4,"9":4,"10":1,"11":0,"12":1,"13":1},"f":{"0":2,"1":0,"2":4,"3":0},"b":{"0":[4,0],"1":[4,2]},"_coverageSchema":"1a1c01bbd47fc00a2c39e90264f33305004495a9","hash":"007e19500dc96f97b89255a53a0e1877cd1ddab7"}
,"/Users/nguyennn/Documents/Learning/react-native-assignment/src/screens/DetailScreen/styles.js": {"path":"/Users/nguyennn/Documents/Learning/react-native-assignment/src/screens/DetailScreen/styles.js","statementMap":{"0":{"start":{"line":3,"column":15},"end":{"line":20,"column":2}}},"fnMap":{},"branchMap":{},"s":{"0":1},"f":{},"b":{},"_coverageSchema":"1a1c01bbd47fc00a2c39e90264f33305004495a9","hash":"a91bccc8739be24762f7cb0e91ae1c19ca0fde12"}
,"/Users/nguyennn/Documents/Learning/react-native-assignment/src/screens/HomeScreen/index.js": {"path":"/Users/nguyennn/Documents/Learning/react-native-assignment/src/screens/HomeScreen/index.js","statementMap":{"0":{"start":{"line":12,"column":24},"end":{"line":12,"column":34}},"1":{"start":{"line":13,"column":4},"end":{"line":13,"column":14}},"2":{"start":{"line":16,"column":16},"end":{"line":19,"column":3}},"3":{"start":{"line":17,"column":27},"end":{"line":17,"column":37}},"4":{"start":{"line":18,"column":4},"end":{"line":18,"column":61}},"5":{"start":{"line":21,"column":15},"end":{"line":23,"column":3}},"6":{"start":{"line":22,"column":4},"end":{"line":22,"column":93}},"7":{"start":{"line":22,"column":66},"end":{"line":22,"column":89}},"8":{"start":{"line":25,"column":17},"end":{"line":25,"column":51}},"9":{"start":{"line":25,"column":27},"end":{"line":25,"column":51}},"10":{"start":{"line":28,"column":21},"end":{"line":28,"column":31}},"11":{"start":{"line":29,"column":4},"end":{"line":37,"column":6}},"12":{"start":{"line":41,"column":24},"end":{"line":45,"column":1}},"13":{"start":{"line":42,"column":2},"end":{"line":44,"column":4}},"14":{"start":{"line":47,"column":27},"end":{"line":49,"column":2}},"15":{"start":{"line":47,"column":42},"end":{"line":49,"column":1}},"16":{"start":{"line":48,"column":17},"end":{"line":48,"column":42}},"17":{"start":{"line":51,"column":0},"end":{"line":54,"column":2}},"18":{"start":{"line":56,"column":0},"end":{"line":59,"column":2}}},"fnMap":{"0":{"name":"(anonymous_0)","decl":{"start":{"line":11,"column":2},"end":{"line":11,"column":3}},"loc":{"start":{"line":11,"column":22},"end":{"line":14,"column":3}},"line":11},"1":{"name":"(anonymous_1)","decl":{"start":{"line":16,"column":16},"end":{"line":16,"column":17}},"loc":{"start":{"line":16,"column":27},"end":{"line":19,"column":3}},"line":16},"2":{"name":"(anonymous_2)","decl":{"start":{"line":21,"column":15},"end":{"line":21,"column":16}},"loc":{"start":{"line":22,"column":4},"end":{"line":22,"column":93}},"line":22},"3":{"name":"(anonymous_3)","decl":{"start":{"line":22,"column":60},"end":{"line":22,"column":61}},"loc":{"start":{"line":22,"column":66},"end":{"line":22,"column":89}},"line":22},"4":{"name":"(anonymous_4)","decl":{"start":{"line":25,"column":17},"end":{"line":25,"column":18}},"loc":{"start":{"line":25,"column":27},"end":{"line":25,"column":51}},"line":25},"5":{"name":"(anonymous_5)","decl":{"start":{"line":27,"column":2},"end":{"line":27,"column":3}},"loc":{"start":{"line":27,"column":11},"end":{"line":38,"column":3}},"line":27},"6":{"name":"(anonymous_6)","decl":{"start":{"line":41,"column":24},"end":{"line":41,"column":25}},"loc":{"start":{"line":41,"column":35},"end":{"line":45,"column":1}},"line":41},"7":{"name":"(anonymous_7)","decl":{"start":{"line":47,"column":27},"end":{"line":47,"column":28}},"loc":{"start":{"line":47,"column":42},"end":{"line":49,"column":1}},"line":47},"8":{"name":"(anonymous_8)","decl":{"start":{"line":48,"column":11},"end":{"line":48,"column":12}},"loc":{"start":{"line":48,"column":17},"end":{"line":48,"column":42}},"line":48},"9":{"name":"(anonymous_9)","decl":{"start":{"line":58,"column":11},"end":{"line":58,"column":12}},"loc":{"start":{"line":58,"column":17},"end":{"line":58,"column":19}},"line":58}},"branchMap":{},"s":{"0":4,"1":4,"2":4,"3":1,"4":1,"5":4,"6":2,"7":0,"8":4,"9":2,"10":4,"11":4,"12":1,"13":0,"14":1,"15":0,"16":0,"17":1,"18":1},"f":{"0":4,"1":1,"2":2,"3":0,"4":2,"5":4,"6":0,"7":0,"8":0,"9":3},"b":{},"_coverageSchema":"1a1c01bbd47fc00a2c39e90264f33305004495a9","hash":"1ad7f1ff8979ccf7455dcb79850d9dca219e8d21"}
,"/Users/nguyennn/Documents/Learning/react-native-assignment/src/screens/HomeScreen/styles.js": {"path":"/Users/nguyennn/Documents/Learning/react-native-assignment/src/screens/HomeScreen/styles.js","statementMap":{"0":{"start":{"line":3,"column":15},"end":{"line":7,"column":2}}},"fnMap":{},"branchMap":{},"s":{"0":1},"f":{},"b":{},"_coverageSchema":"1a1c01bbd47fc00a2c39e90264f33305004495a9","hash":"002f01aee2a00ce04ce8d022c6fbbccb12448528"}
,"/Users/nguyennn/Documents/Learning/react-native-assignment/src/screens/HomeScreen/components/TripItem/index.js": {"path":"/Users/nguyennn/Documents/Learning/react-native-assignment/src/screens/HomeScreen/components/TripItem/index.js","statementMap":{"0":{"start":{"line":5,"column":17},"end":{"line":9,"column":1}},"1":{"start":{"line":6,"column":2},"end":{"line":8,"column":21}},"2":{"start":{"line":11,"column":0},"end":{"line":14,"column":2}},"3":{"start":{"line":16,"column":15},"end":{"line":27,"column":2}}},"fnMap":{"0":{"name":"(anonymous_0)","decl":{"start":{"line":5,"column":17},"end":{"line":5,"column":18}},"loc":{"start":{"line":6,"column":2},"end":{"line":8,"column":21}},"line":6},"1":{"name":"(anonymous_1)","decl":{"start":{"line":5,"column":38},"end":{"line":5,"column":39}},"loc":{"start":{"line":5,"column":44},"end":{"line":5,"column":46}},"line":5}},"branchMap":{"0":{"loc":{"start":{"line":5,"column":20},"end":{"line":5,"column":26}},"type":"default-arg","locations":[{"start":{"line":5,"column":25},"end":{"line":5,"column":26}}],"line":5},"1":{"loc":{"start":{"line":5,"column":28},"end":{"line":5,"column":46}},"type":"default-arg","locations":[{"start":{"line":5,"column":38},"end":{"line":5,"column":46}}],"line":5}},"s":{"0":2,"1":5,"2":2,"3":2},"f":{"0":5,"1":0},"b":{"0":[2],"1":[2]},"_coverageSchema":"1a1c01bbd47fc00a2c39e90264f33305004495a9","hash":"35d89b26a8b6fd72f401087469781826e80f8813"}
,"/Users/nguyennn/Documents/Learning/react-native-assignment/src/services/Apis.js": {"path":"/Users/nguyennn/Documents/Learning/react-native-assignment/src/services/Apis.js","statementMap":{"0":{"start":{"line":4,"column":40},"end":{"line":5,"column":42}},"1":{"start":{"line":5,"column":2},"end":{"line":5,"column":42}}},"fnMap":{"0":{"name":"(anonymous_0)","decl":{"start":{"line":4,"column":40},"end":{"line":4,"column":41}},"loc":{"start":{"line":5,"column":2},"end":{"line":5,"column":42}},"line":5}},"branchMap":{},"s":{"0":1,"1":0},"f":{"0":0},"b":{},"_coverageSchema":"1a1c01bbd47fc00a2c39e90264f33305004495a9","hash":"3fff68705f5ccc8db8b395aa5b944d472466b2ea"}
,"/Users/nguyennn/Documents/Learning/react-native-assignment/src/utils/ApiUtils.js": {"path":"/Users/nguyennn/Documents/Learning/react-native-assignment/src/utils/ApiUtils.js","statementMap":{"0":{"start":{"line":4,"column":17},"end":{"line":7,"column":2}},"1":{"start":{"line":9,"column":12},"end":{"line":16,"column":1}},"2":{"start":{"line":10,"column":2},"end":{"line":15,"column":3}},"3":{"start":{"line":11,"column":19},"end":{"line":11,"column":59}},"4":{"start":{"line":12,"column":4},"end":{"line":12,"column":18}},"5":{"start":{"line":14,"column":4},"end":{"line":14,"column":16}}},"fnMap":{"0":{"name":"(anonymous_0)","decl":{"start":{"line":9,"column":12},"end":{"line":9,"column":13}},"loc":{"start":{"line":9,"column":45},"end":{"line":16,"column":1}},"line":9}},"branchMap":{"0":{"loc":{"start":{"line":9,"column":29},"end":{"line":9,"column":40}},"type":"default-arg","locations":[{"start":{"line":9,"column":38},"end":{"line":9,"column":40}}],"line":9}},"s":{"0":1,"1":1,"2":0,"3":0,"4":0,"5":0},"f":{"0":0},"b":{"0":[0]},"_coverageSchema":"1a1c01bbd47fc00a2c39e90264f33305004495a9","hash":"d7c046db44b16e777da392da1817523cfadd963a"}
}
