{"/Users/nguyennn/Documents/Learning/react-native-assignment/src/assets/icons/gigacover-logo.png": {"path":"/Users/nguyennn/Documents/Learning/react-native-assignment/src/assets/icons/gigacover-logo.png","statementMap":{"0":{"start":{"line":1,"column":0},"end":{"line":1,"column":19}}},"fnMap":{},"branchMap":{},"s":{"0":1},"f":{},"b":{},"inputSourceMap":null,"_coverageSchema":"1a1c01bbd47fc00a2c39e90264f33305004495a9","hash":"2049e01bbfea660b06ac7dab0c395071805e330f"}
,"/Users/nguyennn/Documents/Learning/react-native-assignment/src/assets/images/background.png": {"path":"/Users/nguyennn/Documents/Learning/react-native-assignment/src/assets/images/background.png","statementMap":{"0":{"start":{"line":1,"column":0},"end":{"line":1,"column":19}}},"fnMap":{},"branchMap":{},"s":{"0":2},"f":{},"b":{},"inputSourceMap":null,"_coverageSchema":"1a1c01bbd47fc00a2c39e90264f33305004495a9","hash":"b4c0dae161760c5f4db816e6baf405c53e55d21e"}
,"/Users/nguyennn/Documents/Learning/react-native-assignment/src/constants/MockData.js": {"path":"/Users/nguyennn/Documents/Learning/react-native-assignment/src/constants/MockData.js","statementMap":{"0":{"start":{"line":1,"column":21},"end":{"line":16,"column":1}}},"fnMap":{},"branchMap":{},"s":{"0":6},"f":{},"b":{},"_coverageSchema":"1a1c01bbd47fc00a2c39e90264f33305004495a9","hash":"0a613a82fef39cac8fdd0702fec3eb79d7834263"}
,"/Users/nguyennn/Documents/Learning/react-native-assignment/src/constants/Strings.js": {"path":"/Users/nguyennn/Documents/Learning/react-native-assignment/src/constants/Strings.js","statementMap":{"0":{"start":{"line":1,"column":25},"end":{"line":1,"column":46}}},"fnMap":{},"branchMap":{},"s":{"0":3},"f":{},"b":{},"_coverageSchema":"1a1c01bbd47fc00a2c39e90264f33305004495a9","hash":"5e28d6cb13bba2950ec155d9e323b58a629cd395"}
,"/Users/nguyennn/Documents/Learning/react-native-assignment/src/constants/Urls.js": {"path":"/Users/nguyennn/Documents/Learning/react-native-assignment/src/constants/Urls.js","statementMap":{"0":{"start":{"line":1,"column":0},"end":{"line":1,"column":40}},"1":{"start":{"line":3,"column":0},"end":{"line":3,"column":48}}},"fnMap":{},"branchMap":{},"s":{"0":1,"1":1},"f":{},"b":{},"_coverageSchema":"1a1c01bbd47fc00a2c39e90264f33305004495a9","hash":"270814815ccdfc29719668d02dbe43e4518b0af9"}
,"/Users/nguyennn/Documents/Learning/react-native-assignment/src/core/home/actions.js": {"path":"/Users/nguyennn/Documents/Learning/react-native-assignment/src/core/home/actions.js","statementMap":{"0":{"start":{"line":3,"column":29},"end":{"line":5,"column":2}},"1":{"start":{"line":3,"column":36},"end":{"line":5,"column":1}},"2":{"start":{"line":7,"column":30},"end":{"line":10,"column":2}},"3":{"start":{"line":7,"column":41},"end":{"line":10,"column":1}},"4":{"start":{"line":12,"column":27},"end":{"line":15,"column":2}},"5":{"start":{"line":12,"column":39},"end":{"line":15,"column":1}}},"fnMap":{"0":{"name":"(anonymous_0)","decl":{"start":{"line":3,"column":29},"end":{"line":3,"column":30}},"loc":{"start":{"line":3,"column":36},"end":{"line":5,"column":1}},"line":3},"1":{"name":"(anonymous_1)","decl":{"start":{"line":7,"column":30},"end":{"line":7,"column":31}},"loc":{"start":{"line":7,"column":41},"end":{"line":10,"column":1}},"line":7},"2":{"name":"(anonymous_2)","decl":{"start":{"line":12,"column":27},"end":{"line":12,"column":28}},"loc":{"start":{"line":12,"column":39},"end":{"line":15,"column":1}},"line":12}},"branchMap":{},"s":{"0":4,"1":3,"2":4,"3":4,"4":4,"5":4},"f":{"0":3,"1":4,"2":4},"b":{},"_coverageSchema":"1a1c01bbd47fc00a2c39e90264f33305004495a9","hash":"17e92402403dd8400a9e7ac9fd6e02f0f7127ebf"}
,"/Users/nguyennn/Documents/Learning/react-native-assignment/src/core/home/const.js": {"path":"/Users/nguyennn/Documents/Learning/react-native-assignment/src/core/home/const.js","statementMap":{"0":{"start":{"line":1,"column":24},"end":{"line":1,"column":39}},"1":{"start":{"line":2,"column":32},"end":{"line":2,"column":55}},"2":{"start":{"line":3,"column":29},"end":{"line":3,"column":49}}},"fnMap":{},"branchMap":{},"s":{"0":5,"1":5,"2":5},"f":{},"b":{},"_coverageSchema":"1a1c01bbd47fc00a2c39e90264f33305004495a9","hash":"7c141c4ae9c4d7dc6bd5269f14604d7aa4f58be3"}
,"/Users/nguyennn/Documents/Learning/react-native-assignment/src/core/home/reducer.js": {"path":"/Users/nguyennn/Documents/Learning/react-native-assignment/src/core/home/reducer.js","statementMap":{"0":{"start":{"line":3,"column":28},"end":{"line":6,"column":1}},"1":{"start":{"line":8,"column":20},"end":{"line":28,"column":1}},"2":{"start":{"line":9,"column":2},"end":{"line":27,"column":3}},"3":{"start":{"line":11,"column":6},"end":{"line":15,"column":8}},"4":{"start":{"line":17,"column":6},"end":{"line":21,"column":8}},"5":{"start":{"line":24,"column":6},"end":{"line":26,"column":8}}},"fnMap":{"0":{"name":"(anonymous_0)","decl":{"start":{"line":8,"column":20},"end":{"line":8,"column":21}},"loc":{"start":{"line":8,"column":54},"end":{"line":28,"column":1}},"line":8}},"branchMap":{"0":{"loc":{"start":{"line":8,"column":21},"end":{"line":8,"column":41}},"type":"default-arg","locations":[{"start":{"line":8,"column":29},"end":{"line":8,"column":41}}],"line":8},"1":{"loc":{"start":{"line":9,"column":2},"end":{"line":27,"column":3}},"type":"switch","locations":[{"start":{"line":10,"column":4},"end":{"line":15,"column":8}},{"start":{"line":16,"column":4},"end":{"line":21,"column":8}},{"start":{"line":23,"column":4},"end":{"line":26,"column":8}}],"line":9}},"s":{"0":3,"1":3,"2":3,"3":1,"4":1,"5":1},"f":{"0":3},"b":{"0":[0],"1":[1,1,1]},"_coverageSchema":"1a1c01bbd47fc00a2c39e90264f33305004495a9","hash":"ad5d3a2b2a900738ab6cfc7bdb34688f270c1a05"}
,"/Users/nguyennn/Documents/Learning/react-native-assignment/src/core/home/saga.js": {"path":"/Users/nguyennn/Documents/Learning/react-native-assignment/src/core/home/saga.js","statementMap":{"0":{"start":{"line":7,"column":2},"end":{"line":16,"column":3}},"1":{"start":{"line":8,"column":21},"end":{"line":8,"column":57}},"2":{"start":{"line":9,"column":4},"end":{"line":13,"column":5}},"3":{"start":{"line":10,"column":6},"end":{"line":10,"column":54}},"4":{"start":{"line":12,"column":6},"end":{"line":12,"column":28}},"5":{"start":{"line":15,"column":4},"end":{"line":15,"column":34}},"6":{"start":{"line":20,"column":2},"end":{"line":20,"column":41}}},"fnMap":{"0":{"name":"getDataSaga","decl":{"start":{"line":6,"column":17},"end":{"line":6,"column":28}},"loc":{"start":{"line":6,"column":31},"end":{"line":17,"column":1}},"line":6},"1":{"name":"watchHome","decl":{"start":{"line":19,"column":17},"end":{"line":19,"column":26}},"loc":{"start":{"line":19,"column":29},"end":{"line":21,"column":1}},"line":19}},"branchMap":{"0":{"loc":{"start":{"line":9,"column":4},"end":{"line":13,"column":5}},"type":"if","locations":[{"start":{"line":9,"column":4},"end":{"line":13,"column":5}},{"start":{"line":9,"column":4},"end":{"line":13,"column":5}}],"line":9},"1":{"loc":{"start":{"line":10,"column":31},"end":{"line":10,"column":51}},"type":"binary-expr","locations":[{"start":{"line":10,"column":31},"end":{"line":10,"column":45}},{"start":{"line":10,"column":49},"end":{"line":10,"column":51}}],"line":10}},"s":{"0":2,"1":2,"2":2,"3":1,"4":1,"5":1,"6":1},"f":{"0":2,"1":1},"b":{"0":[1,1],"1":[1,0]},"_coverageSchema":"1a1c01bbd47fc00a2c39e90264f33305004495a9","hash":"6f3b8f83a379869bf57f269ca4da681385a8ad4f"}
,"/Users/nguyennn/Documents/Learning/react-native-assignment/src/core/home/selectors.js": {"path":"/Users/nguyennn/Documents/Learning/react-native-assignment/src/core/home/selectors.js","statementMap":{"0":{"start":{"line":3,"column":19},"end":{"line":3,"column":40}},"1":{"start":{"line":3,"column":30},"end":{"line":3,"column":40}},"2":{"start":{"line":5,"column":30},"end":{"line":8,"column":1}},"3":{"start":{"line":7,"column":13},"end":{"line":7,"column":29}},"4":{"start":{"line":10,"column":27},"end":{"line":13,"column":1}},"5":{"start":{"line":12,"column":13},"end":{"line":12,"column":30}}},"fnMap":{"0":{"name":"(anonymous_0)","decl":{"start":{"line":3,"column":19},"end":{"line":3,"column":20}},"loc":{"start":{"line":3,"column":30},"end":{"line":3,"column":40}},"line":3},"1":{"name":"(anonymous_1)","decl":{"start":{"line":7,"column":2},"end":{"line":7,"column":3}},"loc":{"start":{"line":7,"column":13},"end":{"line":7,"column":29}},"line":7},"2":{"name":"(anonymous_2)","decl":{"start":{"line":12,"column":2},"end":{"line":12,"column":3}},"loc":{"start":{"line":12,"column":13},"end":{"line":12,"column":30}},"line":12}},"branchMap":{"0":{"loc":{"start":{"line":7,"column":13},"end":{"line":7,"column":29}},"type":"binary-expr","locations":[{"start":{"line":7,"column":13},"end":{"line":7,"column":23}},{"start":{"line":7,"column":27},"end":{"line":7,"column":29}}],"line":7},"1":{"loc":{"start":{"line":12,"column":13},"end":{"line":12,"column":30}},"type":"binary-expr","locations":[{"start":{"line":12,"column":13},"end":{"line":12,"column":24}},{"start":{"line":12,"column":28},"end":{"line":12,"column":30}}],"line":12}},"s":{"0":3,"1":2,"2":3,"3":3,"4":3,"5":3},"f":{"0":2,"1":3,"2":3},"b":{"0":[3,0],"1":[3,0]},"_coverageSchema":"1a1c01bbd47fc00a2c39e90264f33305004495a9","hash":"e8a142e00e0536f4358d3c5b70671d95ea27b440"}
,"/Users/nguyennn/Documents/Learning/react-native-assignment/src/screens/DetailScreen/index.js": {"path":"/Users/nguyennn/Documents/Learning/react-native-assignment/src/screens/DetailScreen/index.js","statementMap":{"0":{"start":{"line":12,"column":10},"end":{"line":14,"column":3}},"1":{"start":{"line":17,"column":22},"end":{"line":17,"column":32}},"2":{"start":{"line":18,"column":22},"end":{"line":18,"column":46}},"3":{"start":{"line":19,"column":4},"end":{"line":19,"column":33}},"4":{"start":{"line":22,"column":14},"end":{"line":29,"column":3}},"5":{"start":{"line":23,"column":4},"end":{"line":28,"column":11}},"6":{"start":{"line":32,"column":26},"end":{"line":32,"column":36}},"7":{"start":{"line":33,"column":34},"end":{"line":33,"column":44}},"8":{"start":{"line":34,"column":17},"end":{"line":34,"column":33}},"9":{"start":{"line":35,"column":4},"end":{"line":55,"column":6}},"10":{"start":{"line":59,"column":24},"end":{"line":63,"column":1}},"11":{"start":{"line":60,"column":2},"end":{"line":62,"column":4}},"12":{"start":{"line":65,"column":0},"end":{"line":67,"column":2}},"13":{"start":{"line":69,"column":0},"end":{"line":71,"column":2}}},"fnMap":{"0":{"name":"(anonymous_0)","decl":{"start":{"line":16,"column":2},"end":{"line":16,"column":3}},"loc":{"start":{"line":16,"column":22},"end":{"line":20,"column":3}},"line":16},"1":{"name":"(anonymous_1)","decl":{"start":{"line":22,"column":14},"end":{"line":22,"column":15}},"loc":{"start":{"line":23,"column":4},"end":{"line":28,"column":11}},"line":23},"2":{"name":"(anonymous_2)","decl":{"start":{"line":31,"column":2},"end":{"line":31,"column":3}},"loc":{"start":{"line":31,"column":11},"end":{"line":56,"column":3}},"line":31},"3":{"name":"(anonymous_3)","decl":{"start":{"line":59,"column":24},"end":{"line":59,"column":25}},"loc":{"start":{"line":59,"column":35},"end":{"line":63,"column":1}},"line":59}},"branchMap":{"0":{"loc":{"start":{"line":39,"column":46},"end":{"line":39,"column":64}},"type":"binary-expr","locations":[{"start":{"line":39,"column":46},"end":{"line":39,"column":59}},{"start":{"line":39,"column":63},"end":{"line":39,"column":64}}],"line":39},"1":{"loc":{"start":{"line":41,"column":48},"end":{"line":41,"column":67}},"type":"binary-expr","locations":[{"start":{"line":41,"column":48},"end":{"line":41,"column":62}},{"start":{"line":41,"column":66},"end":{"line":41,"column":67}}],"line":41},"2":{"loc":{"start":{"line":42,"column":48},"end":{"line":42,"column":67}},"type":"binary-expr","locations":[{"start":{"line":42,"column":48},"end":{"line":42,"column":62}},{"start":{"line":42,"column":66},"end":{"line":42,"column":67}}],"line":42},"3":{"loc":{"start":{"line":45,"column":23},"end":{"line":45,"column":44}},"type":"binary-expr","locations":[{"start":{"line":45,"column":23},"end":{"line":45,"column":39}},{"start":{"line":45,"column":43},"end":{"line":45,"column":44}}],"line":45},"4":{"loc":{"start":{"line":49,"column":23},"end":{"line":49,"column":42}},"type":"binary-expr","locations":[{"start":{"line":49,"column":23},"end":{"line":49,"column":37}},{"start":{"line":49,"column":41},"end":{"line":49,"column":42}}],"line":49}},"s":{"0":3,"1":3,"2":3,"3":3,"4":3,"5":24,"6":6,"7":6,"8":6,"9":6,"10":1,"11":1,"12":1,"13":1},"f":{"0":3,"1":24,"2":6,"3":1},"b":{"0":[6,6],"1":[6,6],"2":[6,6],"3":[6,6],"4":[6,6]},"_coverageSchema":"1a1c01bbd47fc00a2c39e90264f33305004495a9","hash":"83a34f2f982d257d37b44ee693a4c96db3610030"}
,"/Users/nguyennn/Documents/Learning/react-native-assignment/src/screens/DetailScreen/styles.js": {"path":"/Users/nguyennn/Documents/Learning/react-native-assignment/src/screens/DetailScreen/styles.js","statementMap":{"0":{"start":{"line":3,"column":15},"end":{"line":35,"column":2}}},"fnMap":{},"branchMap":{},"s":{"0":1},"f":{},"b":{},"_coverageSchema":"1a1c01bbd47fc00a2c39e90264f33305004495a9","hash":"ed7e03c586cb6e8550deaab4635909a83565b425"}
,"/Users/nguyennn/Documents/Learning/react-native-assignment/src/screens/HomeScreen/index.js": {"path":"/Users/nguyennn/Documents/Learning/react-native-assignment/src/screens/HomeScreen/index.js","statementMap":{"0":{"start":{"line":13,"column":24},"end":{"line":13,"column":34}},"1":{"start":{"line":14,"column":4},"end":{"line":14,"column":14}},"2":{"start":{"line":17,"column":16},"end":{"line":20,"column":3}},"3":{"start":{"line":18,"column":27},"end":{"line":18,"column":37}},"4":{"start":{"line":19,"column":4},"end":{"line":19,"column":61}},"5":{"start":{"line":22,"column":15},"end":{"line":24,"column":3}},"6":{"start":{"line":23,"column":4},"end":{"line":23,"column":93}},"7":{"start":{"line":23,"column":66},"end":{"line":23,"column":89}},"8":{"start":{"line":26,"column":17},"end":{"line":26,"column":51}},"9":{"start":{"line":26,"column":27},"end":{"line":26,"column":51}},"10":{"start":{"line":29,"column":33},"end":{"line":29,"column":43}},"11":{"start":{"line":30,"column":4},"end":{"line":39,"column":6}},"12":{"start":{"line":43,"column":24},"end":{"line":47,"column":1}},"13":{"start":{"line":44,"column":2},"end":{"line":46,"column":4}},"14":{"start":{"line":49,"column":27},"end":{"line":51,"column":2}},"15":{"start":{"line":49,"column":42},"end":{"line":51,"column":1}},"16":{"start":{"line":50,"column":17},"end":{"line":50,"column":42}},"17":{"start":{"line":53,"column":0},"end":{"line":56,"column":2}},"18":{"start":{"line":58,"column":0},"end":{"line":61,"column":2}}},"fnMap":{"0":{"name":"(anonymous_0)","decl":{"start":{"line":12,"column":2},"end":{"line":12,"column":3}},"loc":{"start":{"line":12,"column":22},"end":{"line":15,"column":3}},"line":12},"1":{"name":"(anonymous_1)","decl":{"start":{"line":17,"column":16},"end":{"line":17,"column":17}},"loc":{"start":{"line":17,"column":27},"end":{"line":20,"column":3}},"line":17},"2":{"name":"(anonymous_2)","decl":{"start":{"line":22,"column":15},"end":{"line":22,"column":16}},"loc":{"start":{"line":23,"column":4},"end":{"line":23,"column":93}},"line":23},"3":{"name":"(anonymous_3)","decl":{"start":{"line":23,"column":60},"end":{"line":23,"column":61}},"loc":{"start":{"line":23,"column":66},"end":{"line":23,"column":89}},"line":23},"4":{"name":"(anonymous_4)","decl":{"start":{"line":26,"column":17},"end":{"line":26,"column":18}},"loc":{"start":{"line":26,"column":27},"end":{"line":26,"column":51}},"line":26},"5":{"name":"(anonymous_5)","decl":{"start":{"line":28,"column":2},"end":{"line":28,"column":3}},"loc":{"start":{"line":28,"column":11},"end":{"line":40,"column":3}},"line":28},"6":{"name":"(anonymous_6)","decl":{"start":{"line":43,"column":24},"end":{"line":43,"column":25}},"loc":{"start":{"line":43,"column":35},"end":{"line":47,"column":1}},"line":43},"7":{"name":"(anonymous_7)","decl":{"start":{"line":49,"column":27},"end":{"line":49,"column":28}},"loc":{"start":{"line":49,"column":42},"end":{"line":51,"column":1}},"line":49},"8":{"name":"(anonymous_8)","decl":{"start":{"line":50,"column":11},"end":{"line":50,"column":12}},"loc":{"start":{"line":50,"column":17},"end":{"line":50,"column":42}},"line":50},"9":{"name":"(anonymous_9)","decl":{"start":{"line":60,"column":11},"end":{"line":60,"column":12}},"loc":{"start":{"line":60,"column":17},"end":{"line":60,"column":19}},"line":60}},"branchMap":{},"s":{"0":5,"1":5,"2":5,"3":1,"4":1,"5":5,"6":4,"7":0,"8":5,"9":4,"10":5,"11":5,"12":1,"13":1,"14":1,"15":1,"16":1,"17":1,"18":1},"f":{"0":5,"1":1,"2":4,"3":0,"4":4,"5":5,"6":1,"7":1,"8":1,"9":3},"b":{},"_coverageSchema":"1a1c01bbd47fc00a2c39e90264f33305004495a9","hash":"cf56f1a8ed7ab32b6613ab718c371ba7fe334d68"}
,"/Users/nguyennn/Documents/Learning/react-native-assignment/src/screens/HomeScreen/styles.js": {"path":"/Users/nguyennn/Documents/Learning/react-native-assignment/src/screens/HomeScreen/styles.js","statementMap":{"0":{"start":{"line":3,"column":15},"end":{"line":8,"column":2}}},"fnMap":{},"branchMap":{},"s":{"0":1},"f":{},"b":{},"_coverageSchema":"1a1c01bbd47fc00a2c39e90264f33305004495a9","hash":"09eb84e5be72d96b79b26d55186e79c2f547b659"}
,"/Users/nguyennn/Documents/Learning/react-native-assignment/src/screens/HomeScreen/components/TripItem/index.js": {"path":"/Users/nguyennn/Documents/Learning/react-native-assignment/src/screens/HomeScreen/components/TripItem/index.js","statementMap":{"0":{"start":{"line":7,"column":17},"end":{"line":11,"column":1}},"1":{"start":{"line":8,"column":2},"end":{"line":10,"column":21}},"2":{"start":{"line":13,"column":0},"end":{"line":16,"column":2}},"3":{"start":{"line":18,"column":15},"end":{"line":37,"column":2}}},"fnMap":{"0":{"name":"(anonymous_0)","decl":{"start":{"line":7,"column":17},"end":{"line":7,"column":18}},"loc":{"start":{"line":8,"column":2},"end":{"line":10,"column":21}},"line":8},"1":{"name":"(anonymous_1)","decl":{"start":{"line":7,"column":38},"end":{"line":7,"column":39}},"loc":{"start":{"line":7,"column":44},"end":{"line":7,"column":46}},"line":7}},"branchMap":{"0":{"loc":{"start":{"line":7,"column":20},"end":{"line":7,"column":26}},"type":"default-arg","locations":[{"start":{"line":7,"column":25},"end":{"line":7,"column":26}}],"line":7},"1":{"loc":{"start":{"line":7,"column":28},"end":{"line":7,"column":46}},"type":"default-arg","locations":[{"start":{"line":7,"column":38},"end":{"line":7,"column":46}}],"line":7}},"s":{"0":2,"1":7,"2":2,"3":2},"f":{"0":7,"1":0},"b":{"0":[2],"1":[2]},"_coverageSchema":"1a1c01bbd47fc00a2c39e90264f33305004495a9","hash":"ca12e7c0215a35671b12bd5cb9f9d735a4b84e38"}
}
